<?xml version="1.0" encoding="utf-8"?><testsuites name="pytest tests"><testsuite name="pytest" errors="0" failures="0" skipped="0" tests="13" time="2.774" timestamp="2026-09-14T15:03:55.538123+00:00" hostname="agent-env-092b3e53-86d8-438b-aaf3-ef529d9d622f"><testcase classname="tests.backend_test.TestAuthGate" name="test_unauthenticated_returns_401[/api/auth/me]" time="0.285" /><testcase classname="tests.backend_test.TestAuthFlow" name="test_me_returns_seller" time="0.286" /><testcase classname="tests.backend_test.TestAuthFlow" name="test_logout_invalidates_session" time="0.327" /><testcase classname="tests.backend_test.TestAuthGate" name="test_unauthenticated_returns_401[/api/products]" time="0.267" /><testcase classname="tests.backend_test.TestAuthGate" name="test_unauthenticated_returns_401[/api/customers]" time="0.111" /><testcase classname="tests.backend_test.TestProducts" name="test_get_products_returns_seeded" time="0.117" /><testcase classname="tests.backend_test.TestAuthGate" name="test_unauthenticated_returns_401[/api/orders]" time="0.128" /><testcase classname="tests.backend_test.TestProducts" name="test_create_update_and_reject_negative_stock" time="0.261" /><testcase classname="tests.backend_test.TestAuthGate" name="test_invalid_session_id_rejected" time="0.336" /><testcase classname="tests.backend_test.TestCustomers" name="test_reject_unknown_society_on_create" time="0.079" /><testcase classname="tests.backend_test.TestCustomers" name="test_create_and_update_customer" time="0.165" /><testcase classname="tests.backend_test.TestOrders" name="test_order_decrements_stock_and_rejects_overshoot" time="0.782" /><testcase classname="tests.backend_test" name="test_societies_list" time="0.129" /></testsuite></testsuites>