<?xml version="1.0" encoding="utf-8"?><testsuites name="pytest tests"><testsuite name="pytest" errors="0" failures="0" skipped="0" tests="11" time="2.456" timestamp="2026-09-14T14:47:42.735024+00:00" hostname="agent-env-092b3e53-86d8-438b-aaf3-ef529d9d622f"><testcase classname="tests.backend_test" name="test_request_and_verify_demo_otp" time="0.327" /><testcase classname="tests.backend_test" name="test_invalid_otp_is_rejected" time="0.239" /><testcase classname="tests.backend_test" name="test_seller_lists_are_available_without_mongodb_ids[/api/products-id]" time="0.076" /><testcase classname="tests.backend_test" name="test_seller_lists_are_available_without_mongodb_ids[/api/customers-id]" time="0.125" /><testcase classname="tests.backend_test" name="test_seller_lists_are_available_without_mongodb_ids[/api/orders-id]" time="0.082" /><testcase classname="tests.backend_test" name="test_societies_returns_fixed_list" time="0.098" /><testcase classname="tests.backend_test" name="test_product_update_persists_stock_price_and_availability" time="0.302" /><testcase classname="tests.backend_test" name="test_product_update_rejects_negative_stock_without_persisting" time="0.219" /><testcase classname="tests.backend_test" name="test_customer_update_persists_all_details" time="0.191" /><testcase classname="tests.backend_test" name="test_customer_update_rejects_unknown_society" time="0.154" /><testcase classname="tests.backend_test" name="test_order_status_rejects_unknown_status" time="0.158" /></testsuite></testsuites>