<?xml version="1.0" encoding="utf-8"?><testsuites name="pytest tests"><testsuite name="pytest" errors="0" failures="0" skipped="0" tests="11" time="3.485" timestamp="2026-09-15T16:00:13.801450+00:00" hostname="agent-env-092b3e53-86d8-438b-aaf3-ef529d9d622f"><testcase classname="tests.test_new_features.TestProductDelete" name="test_delete_unauth" time="0.323" /><testcase classname="tests.test_new_features.TestUpload" name="test_upload_requires_auth" time="0.324" /><testcase classname="tests.test_new_features.TestUpload" name="test_upload_rejects_non_image" time="0.177" /><testcase classname="tests.test_new_features.TestProductDelete" name="test_delete_not_found" time="0.123" /><testcase classname="tests.test_new_features.TestProductDelete" name="test_delete_success" time="0.733" /><testcase classname="tests.test_new_features.TestUpload" name="test_upload_png_and_fetch" time="1.069" /><testcase classname="tests.test_new_features.TestCustomerDelete" name="test_delete_unauth" time="0.302" /><testcase classname="tests.test_new_features.TestCustomerDelete" name="test_delete_not_found" time="0.306" /><testcase classname="tests.test_new_features.TestUpload" name="test_serve_unauth" time="0.707" /><testcase classname="tests.test_new_features.TestCustomerDelete" name="test_delete_success" time="0.452" /><testcase classname="tests.test_new_features.TestProductImageUrl" name="test_create_and_update_image_url" time="0.351" /></testsuite></testsuites>