<?xml version="1.0" encoding="utf-8"?><testsuites name="pytest tests"><testsuite name="pytest" errors="0" failures="0" skipped="0" tests="10" time="2.256" timestamp="2026-09-14T14:15:19.676714+00:00" hostname="agent-env-092b3e53-86d8-438b-aaf3-ef529d9d622f"><testcase classname="tests.backend_test" name="test_request_and_verify_demo_otp" time="0.370" /><testcase classname="tests.backend_test" name="test_invalid_otp_is_rejected" time="0.197" /><testcase classname="tests.backend_test" name="test_seller_lists_are_available_without_mongodb_ids[/api/products-id]" time="0.091" /><testcase classname="tests.backend_test" name="test_seller_lists_are_available_without_mongodb_ids[/api/customers-id]" time="0.078" /><testcase classname="tests.backend_test" name="test_seller_lists_are_available_without_mongodb_ids[/api/orders-id]" time="0.106" /><testcase classname="tests.backend_test" name="test_societies_returns_fixed_list" time="0.103" /><testcase classname="tests.backend_test" name="test_product_update_persists_stock_price_and_availability" time="0.266" /><testcase classname="tests.backend_test" name="test_customer_update_persists_all_details" time="0.204" /><testcase classname="tests.backend_test" name="test_customer_update_rejects_unknown_society" time="0.184" /><testcase classname="tests.backend_test" name="test_order_status_rejects_unknown_status" time="0.145" /></testsuite></testsuites>